<?xml version="1.0" encoding="UTF-8"?>
<testsuite name="bats.secondnode" tests="9" failures="3" skip="1" time="17">
    <testcase classname="bats.secondnode" name="Test: Install plugin for driver (soegarots/plugin:latest) on node 2" time="0">
        <skipped>Test: Install plugin for driver (soegarots/plugin:latest) on node 2</skipped>
    </testcase>\n    <testcase classname="bats.secondnode" name="Test: Confirm volume is visible on second node (volume ls) using driver (soegarots/plugin:latest)" time="1">
        <failure><![CDATA[
(from function `assert_line' in file /Users/houssemelfekih/code/vol-test/test/test_helper/bats-assert/src/assert.bash, line 491,
 in test file ./secondnode.bats, line 19)
  `assert_line --partial "testvol"' failed

-- no output line contains substring --
substring : testvol
output (3 lines):
  DRIVER                    VOLUME NAME
  local                     repl-vol
  soegarots/plugin:latest   stress-sync
--
]]></failure>
    </testcase>    <testcase classname="bats.secondnode" name="Start a container and mount the volume on node 2" time="1"/>\n    <testcase classname="bats.secondnode" name="Confirm textfile contents on the volume from node 2" time="2">
        <failure><![CDATA[
(from function `assert_line' in file /Users/houssemelfekih/code/vol-test/test/test_helper/bats-assert/src/assert.bash, line 491,
 in test file ./secondnode.bats, line 29)
  `assert_line --partial "testdata"' failed

-- no output line contains substring --
substring : testdata
output    : cat: /data/foo.txt: No such file or directory
--
]]></failure>
    </testcase>    <testcase classname="bats.secondnode" name="Confirm checksum for binary file on node 2" time="1">
        <failure><![CDATA[
(from function `assert_success' in file /Users/houssemelfekih/code/vol-test/test/test_helper/bats-assert/src/assert.bash, line 114,
 in test file ./secondnode.bats, line 34)
  `assert_success' failed

-- command failed --
status : 1
output : md5sum: /data/checksum: No such file or directory
--
]]></failure>
    </testcase>    <testcase classname="bats.secondnode" name="Stop container on node 2" time="11"/>\n    <testcase classname="bats.secondnode" name="Destroy container on node 2" time="0"/>\n    <testcase classname="bats.secondnode" name="Remove volume" time="1"/>\n    <testcase classname="bats.secondnode" name="Confirm volume is removed from docker ls" time="0"/>\n
</testsuite>
