<?xml version="1.0" encoding="UTF-8"?>
<testsuite name="bats.singlenode" tests="17" failures="2" skip="1" time="34">
    <testcase classname="bats.singlenode" name="Test: Install plugin for driver (soegarots/plugin:latest)" time="0">
        <skipped>Test: Install plugin for driver (soegarots/plugin:latest)</skipped>
    </testcase>\n    <testcase classname="bats.singlenode" name="Test: Create volume using driver (soegarots/plugin:latest)" time="1">
        <failure><![CDATA[
(from function `assert_success' in file /Users/houssemelfekih/code/vol-test/test/test_helper/bats-assert/src/assert.bash, line 114,
 in test file ./singlenode.bats, line 19)
  `assert_success' failed

-- command failed --
status : 1
output : Error response from daemon: create testvol: Error looking up volume plugin soegarots/plugin:latest: plugin "soegarots/plugin:latest" not found
--
]]></failure>
    </testcase>    <testcase classname="bats.singlenode" name="Test: Confirm volume is created (volume ls) using driver (soegarots/plugin:latest)" time="1"/>\n    <testcase classname="bats.singlenode" name="Test: Confirm docker volume inspect works using driver (soegarots/plugin:latest)" time="3">
        <failure><![CDATA[
(from function `assert_line' in file /Users/houssemelfekih/code/vol-test/test/test_helper/bats-assert/src/assert.bash, line 491,
 in test file ./singlenode.bats, line 29)
  `assert_line --partial "\"Driver\": \"$driver"' failed

-- no output line contains substring --
substring : "Driver": "soegarots/plugin:latest
output (10 lines):
  [
      {
          "Driver": "local",
          "Labels": null,
          "Mountpoint": "/var/lib/docker/volumes/testvol/_data",
          "Name": "testvol",
          "Options": {},
          "Scope": "local"
      }
  ]
--
]]></failure>
    </testcase>    <testcase classname="bats.singlenode" name="Start a container and mount the volume" time="1"/>\n    <testcase classname="bats.singlenode" name="Write a textfile to the volume" time="0"/>\n    <testcase classname="bats.singlenode" name="Confirm textfile contents on the volume" time="0"/>\n    <testcase classname="bats.singlenode" name="Create a binary file" time="2"/>\n    <testcase classname="bats.singlenode" name="get a checksum for that binary file" time="0"/>\n    <testcase classname="bats.singlenode" name="Confirm checksum" time="1"/>\n    <testcase classname="bats.singlenode" name="Stop container" time="11"/>\n    <testcase classname="bats.singlenode" name="Destroy container" time="0"/>\n    <testcase classname="bats.singlenode" name="Let's see if our data is still here" time="1"/>\n    <testcase classname="bats.singlenode" name="Confirm textfile contents are still on the volume" time="1"/>\n    <testcase classname="bats.singlenode" name="Confirm checksum persistence" time="0"/>\n    <testcase classname="bats.singlenode" name="Stop container" time="11"/>\n    <testcase classname="bats.singlenode" name="Destroy container" time="1"/>\n
</testsuite>
